2024-03-18 15:51:40,198 - INFO - Extracting data from API...
2024-03-18 15:51:43,670 - INFO - Data extracted successfully...
2024-03-18 15:51:43,688 - INFO - Saving data to CSV file...
2024-03-18 15:51:43,702 - INFO - Data saved to ./data/stock_TSCO.csv
2024-03-18 15:55:57,148 - INFO - Extracting data from API...
2024-03-18 15:56:01,172 - INFO - Data extracted successfully...
2024-03-18 15:56:01,204 - INFO - Saving data to CSV file...
2024-03-18 15:56:01,229 - INFO - Data saved to ./data/stock_TSCO.csv
2024-04-18 11:28:08,843 - INFO - Extracting data from API...
2024-04-18 11:28:39,973 - INFO - Extracting data from API...
2024-04-18 11:28:39,973 - INFO - Extracting data from API...
2024-04-18 11:30:23,405 - WARNING - An error occurred: HTTPConnectionPool(host='example.com', port=80): Max retries exceeded with url: / (Caused by NewConnectionError('<urllib3.connection.HTTPConnection object at 0x7f72729acf10>: Failed to establish a new connection: [Errno 101] Network is unreachable'))
2024-04-18 11:30:23,405 - WARNING - An error occurred: HTTPConnectionPool(host='example.com', port=80): Max retries exceeded with url: / (Caused by NewConnectionError('<urllib3.connection.HTTPConnection object at 0x7f72729acf10>: Failed to establish a new connection: [Errno 101] Network is unreachable'))
2024-04-18 11:30:23,406 - INFO - Saving data to CSV file...
2024-04-18 11:30:23,406 - INFO - Saving data to CSV file...
2024-04-18 11:30:56,173 - WARNING - An error occurred: HTTPConnectionPool(host='example.com', port=80): Max retries exceeded with url: / (Caused by NewConnectionError('<urllib3.connection.HTTPConnection object at 0x7f72729dae80>: Failed to establish a new connection: [Errno 101] Network is unreachable'))
2024-04-18 11:30:56,173 - WARNING - An error occurred: HTTPConnectionPool(host='example.com', port=80): Max retries exceeded with url: / (Caused by NewConnectionError('<urllib3.connection.HTTPConnection object at 0x7f72729dae80>: Failed to establish a new connection: [Errno 101] Network is unreachable'))
2024-04-18 11:30:56,174 - INFO - Saving data to CSV file...
2024-04-18 11:30:56,174 - INFO - Saving data to CSV file...
2024-04-18 11:34:20,676 - INFO - Extracting data from API...
2024-04-18 11:38:38,620 - INFO - Extracting data from API...
2024-04-18 11:38:39,778 - INFO - Data extracted successfully...
2024-04-18 11:38:39,779 - INFO - Saving data to CSV file...
2024-04-18 11:38:39,780 - INFO - Data saved to some.txt
2024-04-18 11:40:33,797 - INFO - Extracting data from API...
2024-04-18 11:40:33,797 - INFO - Extracting data from API...
2024-04-18 11:40:36,555 - INFO - Data extracted successfully...
2024-04-18 11:40:36,555 - INFO - Data extracted successfully...
2024-04-18 11:40:36,556 - INFO - Saving data to CSV file...
2024-04-18 11:40:36,556 - INFO - Saving data to CSV file...
2024-04-18 11:40:36,563 - INFO - Data saved to some.csv
2024-04-18 11:40:36,563 - INFO - Data saved to some.csv
2024-04-18 11:41:46,156 - INFO - Extracting data from API...
2024-04-18 11:41:46,156 - INFO - Extracting data from API...
2024-04-18 11:41:46,156 - INFO - Extracting data from API...
2024-04-18 11:41:48,901 - INFO - Data extracted successfully...
2024-04-18 11:41:48,901 - INFO - Data extracted successfully...
2024-04-18 11:41:48,901 - INFO - Data extracted successfully...
2024-04-18 11:41:48,902 - INFO - Saving data to CSV file...
2024-04-18 11:41:48,902 - INFO - Saving data to CSV file...
2024-04-18 11:41:48,902 - INFO - Saving data to CSV file...
2024-04-18 11:41:48,911 - INFO - Data saved to some.csv
2024-04-18 11:41:48,911 - INFO - Data saved to some.csv
2024-04-18 11:41:48,911 - INFO - Data saved to some.csv
2024-04-18 11:42:25,270 - INFO - Extracting data from API...
2024-04-18 11:42:25,270 - INFO - Extracting data from API...
2024-04-18 11:42:25,270 - INFO - Extracting data from API...
2024-04-18 11:42:25,270 - INFO - Extracting data from API...
2024-04-18 11:42:26,019 - INFO - Data extracted successfully...
2024-04-18 11:42:26,019 - INFO - Data extracted successfully...
2024-04-18 11:42:26,019 - INFO - Data extracted successfully...
2024-04-18 11:42:26,019 - INFO - Data extracted successfully...
2024-04-18 11:42:26,021 - INFO - Saving data to CSV file...
2024-04-18 11:42:26,021 - INFO - Saving data to CSV file...
2024-04-18 11:42:26,021 - INFO - Saving data to CSV file...
2024-04-18 11:42:26,021 - INFO - Saving data to CSV file...
2024-04-18 11:42:26,023 - INFO - Data saved to some.txt
2024-04-18 11:42:26,023 - INFO - Data saved to some.txt
2024-04-18 11:42:26,023 - INFO - Data saved to some.txt
2024-04-18 11:42:26,023 - INFO - Data saved to some.txt
2024-04-18 11:42:38,379 - INFO - Extracting data from API...
2024-04-18 11:42:38,379 - INFO - Extracting data from API...
2024-04-18 11:42:38,379 - INFO - Extracting data from API...
2024-04-18 11:42:38,379 - INFO - Extracting data from API...
2024-04-18 11:42:38,379 - INFO - Extracting data from API...
2024-04-18 11:42:39,891 - INFO - Data extracted successfully...
2024-04-18 11:42:39,891 - INFO - Data extracted successfully...
2024-04-18 11:42:39,891 - INFO - Data extracted successfully...
2024-04-18 11:42:39,891 - INFO - Data extracted successfully...
2024-04-18 11:42:39,891 - INFO - Data extracted successfully...
2024-04-18 11:42:39,893 - INFO - Saving data to CSV file...
2024-04-18 11:42:39,893 - INFO - Saving data to CSV file...
2024-04-18 11:42:39,893 - INFO - Saving data to CSV file...
2024-04-18 11:42:39,893 - INFO - Saving data to CSV file...
2024-04-18 11:42:39,893 - INFO - Saving data to CSV file...
2024-04-18 11:42:39,894 - INFO - Data saved to some.csv
2024-04-18 11:42:39,894 - INFO - Data saved to some.csv
2024-04-18 11:42:39,894 - INFO - Data saved to some.csv
2024-04-18 11:42:39,894 - INFO - Data saved to some.csv
2024-04-18 11:42:39,894 - INFO - Data saved to some.csv
2024-04-18 11:43:03,086 - INFO - Extracting data from API...
2024-04-18 11:43:03,086 - INFO - Extracting data from API...
2024-04-18 11:43:03,086 - INFO - Extracting data from API...
2024-04-18 11:43:03,086 - INFO - Extracting data from API...
2024-04-18 11:43:03,086 - INFO - Extracting data from API...
2024-04-18 11:43:03,086 - INFO - Extracting data from API...
2024-04-18 11:43:03,789 - INFO - Data extracted successfully...
2024-04-18 11:43:03,789 - INFO - Data extracted successfully...
2024-04-18 11:43:03,789 - INFO - Data extracted successfully...
2024-04-18 11:43:03,789 - INFO - Data extracted successfully...
2024-04-18 11:43:03,789 - INFO - Data extracted successfully...
2024-04-18 11:43:03,789 - INFO - Data extracted successfully...
2024-04-18 11:43:03,792 - INFO - Saving data to CSV file...
2024-04-18 11:43:03,792 - INFO - Saving data to CSV file...
2024-04-18 11:43:03,792 - INFO - Saving data to CSV file...
2024-04-18 11:43:03,792 - INFO - Saving data to CSV file...
2024-04-18 11:43:03,792 - INFO - Saving data to CSV file...
2024-04-18 11:43:03,792 - INFO - Saving data to CSV file...
2024-04-18 11:43:03,793 - INFO - Data saved to ./data/some.txt
2024-04-18 11:43:03,793 - INFO - Data saved to ./data/some.txt
2024-04-18 11:43:03,793 - INFO - Data saved to ./data/some.txt
2024-04-18 11:43:03,793 - INFO - Data saved to ./data/some.txt
2024-04-18 11:43:03,793 - INFO - Data saved to ./data/some.txt
2024-04-18 11:43:03,793 - INFO - Data saved to ./data/some.txt
